{"uid":"3fa64070a755c1e2","name":"Form submission scenarios -- @1.3 ","fullName":"Contact Us form functionality: Form submission scenarios","historyId":"d5db4b3422aee6bc4b3f85436c52842e","time":{"start":1752112624656,"stop":1752112631149,"duration":6493},"status":"failed","statusMessage":"AssertionError: Message 'Error: all fields are required555' not found on the page\n","statusTrace":"  File \"C:\\Users\\ki2ba\\AppData\\Roaming\\Python\\Python313\\site-packages\\behave\\model.py\", line 1329, in run\n    match.run(runner.context)\n    ~~~~~~~~~^^^^^^^^^^^^^^^^\n  File \"C:\\Users\\ki2ba\\AppData\\Roaming\\Python\\Python313\\site-packages\\behave\\matchers.py\", line 98, in run\n    self.func(context, *args, **kwargs)\n    ~~~~~~~~~^^^^^^^^^^^^^^^^^^^^^^^^^^\n  File \"features\\steps\\contact_us_form_steps.py\", line 76, in verify_message\n    assert False, f\"Message '{expected_message}' not found on the page\"\n           ^^^^^\n","flaky":false,"newFailed":false,"newBroken":false,"newPassed":false,"retriesCount":0,"retriesStatusChange":false,"beforeStages":[],"testStage":{"status":"failed","statusMessage":"AssertionError: Message 'Error: all fields are required555' not found on the page\n","statusTrace":"  File \"C:\\Users\\ki2ba\\AppData\\Roaming\\Python\\Python313\\site-packages\\behave\\model.py\", line 1329, in run\n    match.run(runner.context)\n    ~~~~~~~~~^^^^^^^^^^^^^^^^\n  File \"C:\\Users\\ki2ba\\AppData\\Roaming\\Python\\Python313\\site-packages\\behave\\matchers.py\", line 98, in run\n    self.func(context, *args, **kwargs)\n    ~~~~~~~~~^^^^^^^^^^^^^^^^^^^^^^^^^^\n  File \"features\\steps\\contact_us_form_steps.py\", line 76, in verify_message\n    assert False, f\"Message '{expected_message}' not found on the page\"\n           ^^^^^\n","steps":[{"name":"Given I am on the Contact Us form","time":{"start":1752112625091,"stop":1752112626287,"duration":1196},"status":"passed","steps":[],"attachments":[],"parameters":[],"hasContent":false,"attachmentsCount":0,"shouldDisplayMessage":false,"stepsCount":0,"attachmentStep":false},{"name":"When I fill in the \"first_name\" field with \"\\n\"","time":{"start":1752112626287,"stop":1752112626289,"duration":2},"status":"passed","steps":[],"attachments":[],"parameters":[],"hasContent":false,"attachmentsCount":0,"shouldDisplayMessage":false,"stepsCount":0,"attachmentStep":false},{"name":"And I fill in the \"last_name\" field with \"\\n\"","time":{"start":1752112626289,"stop":1752112626292,"duration":3},"status":"passed","steps":[],"attachments":[],"parameters":[],"hasContent":false,"attachmentsCount":0,"shouldDisplayMessage":false,"stepsCount":0,"attachmentStep":false},{"name":"And I fill in the \"email\" field with \"\\n\"","time":{"start":1752112626292,"stop":1752112626294,"duration":2},"status":"passed","steps":[],"attachments":[],"parameters":[],"hasContent":false,"attachmentsCount":0,"shouldDisplayMessage":false,"stepsCount":0,"attachmentStep":false},{"name":"And I fill in the \"message\" field with \"\\n\"","time":{"start":1752112626294,"stop":1752112626296,"duration":2},"status":"passed","steps":[],"attachments":[],"parameters":[],"hasContent":false,"attachmentsCount":0,"shouldDisplayMessage":false,"stepsCount":0,"attachmentStep":false},{"name":"And I click on the \"SUBMIT\" button","time":{"start":1752112626296,"stop":1752112626735,"duration":439},"status":"passed","steps":[],"attachments":[],"parameters":[],"hasContent":false,"attachmentsCount":0,"shouldDisplayMessage":false,"stepsCount":0,"attachmentStep":false},{"name":"Then I should see the message \"Error: all fields are required555\"","time":{"start":1752112626736,"stop":1752112628752,"duration":2016},"status":"failed","statusMessage":"AssertionError: Message 'Error: all fields are required555' not found on the page\n","statusTrace":"  File \"C:\\Users\\ki2ba\\AppData\\Roaming\\Python\\Python313\\site-packages\\behave\\model.py\", line 1329, in run\n    match.run(runner.context)\n    ~~~~~~~~~^^^^^^^^^^^^^^^^\n  File \"C:\\Users\\ki2ba\\AppData\\Roaming\\Python\\Python313\\site-packages\\behave\\matchers.py\", line 98, in run\n    self.func(context, *args, **kwargs)\n    ~~~~~~~~~^^^^^^^^^^^^^^^^^^^^^^^^^^\n  File \"features\\steps\\contact_us_form_steps.py\", line 76, in verify_message\n    assert False, f\"Message '{expected_message}' not found on the page\"\n           ^^^^^\n","steps":[],"attachments":[],"parameters":[],"hasContent":true,"attachmentsCount":0,"shouldDisplayMessage":true,"stepsCount":0,"attachmentStep":false}],"attachments":[{"uid":"ed377e1b0875bcef","name":"Form submission scenarios -- @1.3 ","source":"ed377e1b0875bcef.png","type":"image/png","size":13673}],"parameters":[],"hasContent":true,"attachmentsCount":1,"shouldDisplayMessage":false,"stepsCount":7,"attachmentStep":false},"afterStages":[],"labels":[{"name":"severity","value":"normal"},{"name":"tag","value":"regression"},{"name":"feature","value":"Contact Us form functionality"},{"name":"framework","value":"behave"},{"name":"language","value":"cpython3"},{"name":"resultFormat","value":"allure2"}],"parameters":[{"name":"button","value":"SUBMIT"},{"name":"email","value":"\\n"},{"name":"expected_message","value":"Error: all fields are required555"},{"name":"first_name","value":"\\n"},{"name":"last_name","value":"\\n"},{"name":"message","value":"\\n"}],"links":[],"hidden":false,"retry":false,"extra":{"severity":"normal","retries":[],"categories":[{"name":"Product defects","matchedStatuses":[]}],"tags":["regression"]},"source":"3fa64070a755c1e2.json","parameterValues":["SUBMIT","\\n","Error: all fields are required555","\\n","\\n","\\n"]}