{"name": "Form submission scenarios -- @1.3 ", "status": "failed", "statusDetails": {"message": "AssertionError: Message 'Error: all fields are required555' not found on the page\n", "trace": "  File \"C:\\Users\\ki2ba\\AppData\\Roaming\\Python\\Python313\\site-packages\\behave\\model.py\", line 1329, in run\n    match.run(runner.context)\n    ~~~~~~~~~^^^^^^^^^^^^^^^^\n  File \"C:\\Users\\ki2ba\\AppData\\Roaming\\Python\\Python313\\site-packages\\behave\\matchers.py\", line 98, in run\n    self.func(context, *args, **kwargs)\n    ~~~~~~~~~^^^^^^^^^^^^^^^^^^^^^^^^^^\n  File \"features\\steps\\contact_us_form_steps.py\", line 76, in verify_message\n    assert False, f\"Message '{expected_message}' not found on the page\"\n           ^^^^^\n"}, "steps": [{"name": "Given I am on the Contact Us form", "status": "passed", "start": 1752112625091, "stop": 1752112626287}, {"name": "When I fill in the \"first_name\" field with \"\\n\"", "status": "passed", "start": 1752112626287, "stop": 1752112626289}, {"name": "And I fill in the \"last_name\" field with \"\\n\"", "status": "passed", "start": 1752112626289, "stop": 1752112626292}, {"name": "And I fill in the \"email\" field with \"\\n\"", "status": "passed", "start": 1752112626292, "stop": 1752112626294}, {"name": "And I fill in the \"message\" field with \"\\n\"", "status": "passed", "start": 1752112626294, "stop": 1752112626296}, {"name": "And I click on the \"SUBMIT\" button", "status": "passed", "start": 1752112626296, "stop": 1752112626735}, {"name": "Then I should see the message \"Error: all fields are required555\"", "status": "failed", "statusDetails": {"message": "AssertionError: Message 'Error: all fields are required555' not found on the page\n", "trace": "  File \"C:\\Users\\ki2ba\\AppData\\Roaming\\Python\\Python313\\site-packages\\behave\\model.py\", line 1329, in run\n    match.run(runner.context)\n    ~~~~~~~~~^^^^^^^^^^^^^^^^\n  File \"C:\\Users\\ki2ba\\AppData\\Roaming\\Python\\Python313\\site-packages\\behave\\matchers.py\", line 98, in run\n    self.func(context, *args, **kwargs)\n    ~~~~~~~~~^^^^^^^^^^^^^^^^^^^^^^^^^^\n  File \"features\\steps\\contact_us_form_steps.py\", line 76, in verify_message\n    assert False, f\"Message '{expected_message}' not found on the page\"\n           ^^^^^\n"}, "start": 1752112626736, "stop": 1752112628752}], "attachments": [{"name": "Form submission scenarios -- @1.3 ", "source": "36dc7fef-ce6c-4c86-bf59-2fe63ff17d9a-attachment.png", "type": "image/png"}], "parameters": [{"name": "first_name", "value": "\\n"}, {"name": "last_name", "value": "\\n"}, {"name": "email", "value": "\\n"}, {"name": "message", "value": "\\n"}, {"name": "button", "value": "SUBMIT"}, {"name": "expected_message", "value": "Error: all fields are required555"}], "start": 1752112624656, "stop": 1752112631149, "uuid": "a1a85b95-49e6-4b8a-8dc4-c33aea7008d2", "historyId": "d5db4b3422aee6bc4b3f85436c52842e", "fullName": "Contact Us form functionality: Form submission scenarios", "labels": [{"name": "severity", "value": "normal"}, {"name": "tag", "value": "regression"}, {"name": "feature", "value": "Contact Us form functionality"}, {"name": "framework", "value": "behave"}, {"name": "language", "value": "cpython3"}]}